#
# A fatal error has been detected by the Java Runtime Environment:
#
#  EXCEPTION_ACCESS_VIOLATION (0xc0000005) at pc=0x00007ffab0937fbd, pid=7392, tid=10196
#
# JRE version: OpenJDK Runtime Environment Temurin-21.0.9+10 (21.0.9+10) (build 21.0.9+10-LTS)
# Java VM: OpenJDK 64-Bit Server VM Temurin-21.0.9+10 (21.0.9+10-LTS, mixed mode, sharing, tiered, compressed oops, compressed class ptrs, parallel gc, windows-amd64)
# Problematic frame:
# V  [jvm.dll+0x2f7fbd]
#
# No core dump will be written. Minidumps are not enabled by default on client versions of Windows
#
# If you would like to submit a bug report, please visit:
#   https://github.com/adoptium/adoptium-support/issues
#

---------------  S U M M A R Y ------------

Command Line: --add-modules=ALL-SYSTEM --add-opens=java.base/java.util=ALL-UNNAMED --add-opens=java.base/java.lang=ALL-UNNAMED --add-opens=java.base/sun.nio.fs=ALL-UNNAMED -Declipse.application=org.eclipse.jdt.ls.core.id1 -Dosgi.bundles.defaultStartLevel=4 -Declipse.product=org.eclipse.jdt.ls.core.product -Djava.import.generatesMetadataFilesAtProjectRoot=false -DDetectVMInstallationsJob.disabled=true -Dfile.encoding=utf8 -XX:+UseParallelGC -XX:GCTimeRatio=4 -XX:AdaptiveSizePolicyWeight=90 -Dsun.zip.disableMemoryMapping=true -Xmx2G -Xms100m -Xlog:disable -javaagent:c:\Users\Dfrois\.antigravity\extensions\redhat.java-1.52.0-win32-x64\lombok\lombok-1.18.39-4050.jar -XX:+HeapDumpOnOutOfMemoryError -XX:HeapDumpPath=c:\Users\Dfrois\AppData\Roaming\Antigravity\User\workspaceStorage\71e2a312f3a39042b8faf596e0397a4d\redhat.java -Daether.dependencyCollector.impl=bf c:\Users\Dfrois\.antigravity\extensions\redhat.java-1.52.0-win32-x64\server\plugins\org.eclipse.equinox.launcher_1.7.100.v20251111-0406.jar -configuration c:\Users\Dfrois\AppData\Roaming\Antigravity\User\globalStorage\redhat.java\1.52.0\config_win -data c:\Users\Dfrois\AppData\Roaming\Antigravity\User\workspaceStorage\71e2a312f3a39042b8faf596e0397a4d\redhat.java\jdt_ws --pipe=\\.\pipe\lsp-8f4828e9dff1b0c8cd715d0b6713bdeb-sock

Host: Intel(R) Core(TM) i5-8400T CPU @ 1.70GHz, 6 cores, 15G,  Windows 10 , 64 bit Build 19041 (10.0.19041.5915)
Time: Tue Feb 24 12:49:42 2026 Hora oficial do Brasil elapsed time: 7610.782407 seconds (0d 2h 6m 50s)

---------------  T H R E A D  ---------------

Current thread (0x000001f9d402f080):  JavaThread "C2 CompilerThread1" daemon [_thread_in_native, id=10196, stack(0x0000000af5200000,0x0000000af5300000) (1024K)]


Current CompileTask:
C2:7610782 10363       4       org.lombokweb.asm.ClassReader::readMethod (1070 bytes)

Stack: [0x0000000af5200000,0x0000000af5300000],  sp=0x0000000af52fcc80,  free space=1011k
Native frames: (J=compiled Java code, j=interpreted, Vv=VM code, C=native code)
V  [jvm.dll+0x2f7fbd]
V  [jvm.dll+0x2f9ea2]
V  [jvm.dll+0x6f12e8]
V  [jvm.dll+0x6e9399]
V  [jvm.dll+0x6e8a99]
V  [jvm.dll+0x6e6b3e]
V  [jvm.dll+0x1ce18c]
V  [jvm.dll+0x1ced2e]
V  [jvm.dll+0x1ced2e]
V  [jvm.dll+0x2f9f1c]
V  [jvm.dll+0x6f12e8]
V  [jvm.dll+0x6e9399]
V  [jvm.dll+0x6e8a99]
V  [jvm.dll+0x6e6b3e]
V  [jvm.dll+0x1ce18c]
V  [jvm.dll+0x24b129]
V  [jvm.dll+0x1cb13e]
V  [jvm.dll+0x25b29d]
V  [jvm.dll+0x25982a]
V  [jvm.dll+0x3f7ea6]
V  [jvm.dll+0x85e9ad]
V  [jvm.dll+0x6d565d]
C  [ucrtbase.dll+0x21bb2]
C  [KERNEL32.DLL+0x17374]
C  [ntdll.dll+0x4cc91]


siginfo: EXCEPTION_ACCESS_VIOLATION (0xc0000005), reading address 0x0000000000002f23


Registers:
RAX=0x0000000000002f23, RBX=0x00000000000023a4, RCX=0x0000000000002f23, RDX=0x00000000000024a9
RSP=0x0000000af52fcc80, RBP=0x0000000af52fcd80, RSI=0x000001f9d68308c8, RDI=0x0000000000000001
R8 =0x0000000000000001, R9 =0x0000000000000000, R10=0x000000000000224d, R11=0x0000000af52fcd30
R12=0x0000000000000001, R13=0x000001f9d7badc28, R14=0x0000000af52fe530, R15=0x000001f9d7b8fb10
RIP=0x00007ffab0937fbd, EFLAGS=0x0000000000010202

XMM[0]=0x0000000000000000 0x0000000042b40000
XMM[1]=0x0000000000000000 0x000000003f76604b
XMM[2]=0x0000000000000000 0x40c791d7981965e1
XMM[3]=0x0000000000000000 0x000000003f666666
XMM[4]=0x0000000000000000 0x0000000000000000
XMM[5]=0x000001f9d79871c0 0x000001f9d79871c0
XMM[6]=0x0000000000000000 0x00000000463c8c00
XMM[7]=0x0000000000000000 0x000000003f800000
XMM[8]=0x0000000000000000 0x0000000000000000
XMM[9]=0x0000000000000000 0x0000000000000000
XMM[10]=0x0000000000000000 0x0000000000000000
XMM[11]=0x0000000000000000 0x0000000000000000
XMM[12]=0x0000000000000000 0x0000000000000000
XMM[13]=0x0000000000000000 0x0000000000000000
XMM[14]=0x0000000000000000 0x0000000000000000
XMM[15]=0x0000000000000000 0x0000000000000000
  MXCSR=0x00001fa0


Register to memory mapping:

RAX=0x0000000000002f23 is an unknown value
RBX=0x00000000000023a4 is an unknown value
RCX=0x0000000000002f23 is an unknown value
RDX=0x00000000000024a9 is an unknown value
RSP=0x0000000af52fcc80 is pointing into the stack for thread: 0x000001f9d402f080
RBP=0x0000000af52fcd80 is pointing into the stack for thread: 0x000001f9d402f080
RSI=0x000001f9d68308c8 points into unknown readable memory: 0x00007ffab104d818 | 18 d8 04 b1 fa 7f 00 00
RDI=0x0000000000000001 is an unknown value
R8 =0x0000000000000001 is an unknown value
R9 =0x0 is null
R10=0x000000000000224d is an unknown value
R11=0x0000000af52fcd30 is pointing into the stack for thread: 0x000001f9d402f080
R12=0x0000000000000001 is an unknown value
R13=0x000001f9d7badc28 points into unknown readable memory: 0x00007ffab104d818 | 18 d8 04 b1 fa 7f 00 00
R14=0x0000000af52fe530 is pointing into the stack for thread: 0x000001f9d402f080
R15=0x000001f9d7b8fb10 points into unknown readable memory: 0x000001f9d49edb48 | 48 db 9e d4 f9 01 00 00

Top of Stack: (sp=0x0000000af52fcc80)
0x0000000af52fcc80:   00000000000023a4 0000000af52fcd80
0x0000000af52fcc90:   000001f9d68308c8 0000000a00000000
0x0000000af52fcca0:   0000000000000099 0000000000000099
0x0000000af52fccb0:   0000000af52ff160 00007ffab082bd44
0x0000000af52fccc0:   000001f990009000 0000000000000099
0x0000000af52fccd0:   0000000100010101 000023a4fffffffc
0x0000000af52fcce0:   000001f9d7badc28 000000720000224d
0x0000000af52fccf0:   0000000000000000 0000000af52ff160
0x0000000af52fcd00:   000001f9d68309a8 00007ffa000000b9
0x0000000af52fcd10:   000001f9d0448660 0000000000000000
0x0000000af52fcd20:   0000000000000002 0000224d000023a4
0x0000000af52fcd30:   000001f9000000e2 000001f9d682ed88
0x0000000af52fcd40:   000001f9d682ee38 000001f9d6830748
0x0000000af52fcd50:   0000e58cb8a2cd3f 00007ffab093a521
0x0000000af52fcd60:   0000000000000000 0000000000000000
0x0000000af52fcd70:   0000000000000000 0000000000000000
0x0000000af52fcd80:   0000000af52fd101 0000000000000001
0x0000000af52fcd90:   000001f9d7b8fb10 0000000000000000
0x0000000af52fcda0:   00000000fffffffc 0000000af52fd0f0
0x0000000af52fcdb0:   000001f9d68308c8 0000000000000000
0x0000000af52fcdc0:   0000000000000004 00007ffab0939ea2
0x0000000af52fcdd0:   0000000af52fe530 000001f9d7badc28
0x0000000af52fcde0:   000001f9d4a39098 000001f9d6830748
0x0000000af52fcdf0:   000001f9d7b8fb10 000001f9d4a39001
0x0000000af52fce00:   000001f93f800000 0000000000000000
0x0000000af52fce10:   0000000af52fce01 0000000000000001
0x0000000af52fce20:   fffffe79fffffffc 000001f9d68308c8
0x0000000af52fce30:   000001f9d68309a8 000001f9d6830748
0x0000000af52fce40:   0000000af52fd0f0 000001f9d5014a78
0x0000000af52fce50:   0000000af52fd000 0000000000000001
0x0000000af52fce60:   000001f9d6923ca8 00007ffab0640000
0x0000000af52fce70:   000001f9d6c82788 0000000000000000 

Instructions: (pc=0x00007ffab0937fbd)
0x00007ffab0937ebd:   0f b6 7c 24 51 48 8b d8 48 85 c0 0f 84 73 05 00
0x00007ffab0937ecd:   00 40 84 ff 74 36 8b 4e 18 c1 e9 03 f6 c1 01 75
0x00007ffab0937edd:   2b 45 33 c0 ba 19 00 00 00 48 8b ce e8 a2 59 ed
0x00007ffab0937eed:   ff 48 8b 4e 28 4c 8b c3 48 8b d0 e8 d3 4c ed ff
0x00007ffab0937efd:   48 8b d8 48 85 c0 0f 84 38 05 00 00 80 7c 24 52
0x00007ffab0937f0d:   00 0f 85 0c ff ff ff 4d 8b c7 48 8b d6 49 8b ce
0x00007ffab0937f1d:   e8 8e 27 00 00 84 c0 74 10 48 8b d3 48 8b ce e8
0x00007ffab0937f2d:   af 58 ed ff e9 45 06 00 00 4d 8b c7 48 8b d6 49
0x00007ffab0937f3d:   8b ce e8 2c 27 00 00 84 c0 74 10 48 8b d3 48 8b
0x00007ffab0937f4d:   ce e8 2d 4b ed ff e9 23 06 00 00 80 3d 67 cc 9a
0x00007ffab0937f5d:   00 00 0f 84 13 06 00 00 81 7e 54 6e 01 00 00 0f
0x00007ffab0937f6d:   85 06 06 00 00 48 8b d3 48 8b ce e8 b3 59 ed ff
0x00007ffab0937f7d:   e9 f9 05 00 00 85 db 0f 8e a9 04 00 00 80 3d 10
0x00007ffab0937f8d:   1d 94 00 00 0f 84 9c 04 00 00 83 7d a0 00 7e 39
0x00007ffab0937f9d:   66 0f 6e 4d ac 66 0f 6e 45 a8 0f 5b c9 0f 5b c0
0x00007ffab0937fad:   f3 0f 5e c8 0f 57 c0 f3 48 0f 2a 05 b3 19 94 00
0x00007ffab0937fbd:   0f 5a d1 0f 5a c8 f2 0f 59 15 1d 5e 6f 00 66 0f
0x00007ffab0937fcd:   2f d1 72 05 41 b5 01 eb 03 45 32 ed 48 8b 5c 24
0x00007ffab0937fdd:   70 b8 13 00 00 00 8b 7d a4 41 bc 01 00 00 00 48
0x00007ffab0937fed:   85 db 74 59 44 8b 44 24 6c 44 8b c8 48 8b 54 24
0x00007ffab0937ffd:   60 49 8b ce e8 aa 27 00 00 84 c0 75 39 49 8b 57
0x00007ffab093800d:   30 45 0f b6 cc 4c 8b c3 88 44 24 20 48 8b ce 48
0x00007ffab093801d:   8b 52 28 e8 8b 0e f0 ff 48 85 c0 48 89 44 24 78
0x00007ffab093802d:   41 0f 45 fc 33 c9 48 85 c0 48 0f 45 cb 48 89 4c
0x00007ffab093803d:   24 70 75 54 eb 07 33 c0 48 89 44 24 70 45 84 ed
0x00007ffab093804d:   75 1b 41 3b fc 74 16 83 ff 02 0f 85 bd 03 00 00
0x00007ffab093805d:   44 38 2d 79 18 94 00 0f 84 b0 03 00 00 49 8b 57
0x00007ffab093806d:   30 45 0f b6 cc 4c 8b 45 b8 48 8b ce c6 44 24 20
0x00007ffab093807d:   00 48 8b 52 28 e8 29 0e f0 ff 48 89 44 24 78 48
0x00007ffab093808d:   85 c0 0f 84 85 03 00 00 44 0f b6 64 24 50 48 8b
0x00007ffab093809d:   d0 8b 5c 24 54 41 80 f4 01 44 8b 44 24 58 45 0f
0x00007ffab09380ad:   b6 cc c6 44 24 40 01 49 8b ce 48 c7 44 24 38 00 


Stack slot to memory mapping:

stack at sp + 0 slots: 0x00000000000023a4 is an unknown value
stack at sp + 1 slots: 0x0000000af52fcd80 is pointing into the stack for thread: 0x000001f9d402f080
stack at sp + 2 slots: 0x000001f9d68308c8 points into unknown readable memory: 0x00007ffab104d818 | 18 d8 04 b1 fa 7f 00 00
stack at sp + 3 slots: 0x0000000a00000000 is an unknown value
stack at sp + 4 slots: 0x0000000000000099 is an unknown value
stack at sp + 5 slots: 0x0000000000000099 is an unknown value
stack at sp + 6 slots: 0x0000000af52ff160 is pointing into the stack for thread: 0x000001f9d402f080
stack at sp + 7 slots: 0x00007ffab082bd44 jvm.dll


---------------  P R O C E S S  ---------------

Threads class SMR info:
_java_thread_list=0x000001f9d47e3b60, length=34, elements={
0x000001f9f73752d0, 0x000001f9f729abc0, 0x000001f9f729d330, 0x000001f9f729ee10,
0x000001f9f72a1c30, 0x000001f9f72a2940, 0x000001f9f72a43a0, 0x000001f9f72a5120,
0x000001f9f7319250, 0x000001f9d41a42e0, 0x000001f9d42c6ef0, 0x000001f9d4bcd200,
0x000001f9d49f7210, 0x000001f9d4a89c40, 0x000001f9d4313ba0, 0x000001f9d4bb3690,
0x000001f9d4707250, 0x000001f9d40840d0, 0x000001f9d534f5e0, 0x000001f9d555f8f0,
0x000001f9d555ff80, 0x000001f9d5561330, 0x000001f9d5562050, 0x000001f9d55619c0,
0x000001f9d55626e0, 0x000001f9d5562d70, 0x000001f9d7a38250, 0x000001f9d7a388e0,
0x000001f9d7a38f70, 0x000001f9d7a37530, 0x000001f9d7a39c90, 0x000001f9d7a33a20,
0x000001f9d402f080, 0x000001f9d78635c0
}

Java Threads: ( => current thread )
  0x000001f9f73752d0 JavaThread "main"                              [_thread_blocked, id=4376, stack(0x0000000af5400000,0x0000000af5500000) (1024K)]
  0x000001f9f729abc0 JavaThread "Reference Handler"          daemon [_thread_blocked, id=11964, stack(0x0000000af5800000,0x0000000af5900000) (1024K)]
  0x000001f9f729d330 JavaThread "Finalizer"                  daemon [_thread_blocked, id=12048, stack(0x0000000af5900000,0x0000000af5a00000) (1024K)]
  0x000001f9f729ee10 JavaThread "Signal Dispatcher"          daemon [_thread_blocked, id=14404, stack(0x0000000af5a00000,0x0000000af5b00000) (1024K)]
  0x000001f9f72a1c30 JavaThread "Attach Listener"            daemon [_thread_blocked, id=9748, stack(0x0000000af5b00000,0x0000000af5c00000) (1024K)]
  0x000001f9f72a2940 JavaThread "Service Thread"             daemon [_thread_blocked, id=7232, stack(0x0000000af5c00000,0x0000000af5d00000) (1024K)]
  0x000001f9f72a43a0 JavaThread "Monitor Deflation Thread"   daemon [_thread_blocked, id=18980, stack(0x0000000af5d00000,0x0000000af5e00000) (1024K)]
  0x000001f9f72a5120 JavaThread "C2 CompilerThread0"         daemon [_thread_in_native, id=18996, stack(0x0000000af5e00000,0x0000000af5f00000) (1024K)]
  0x000001f9f7319250 JavaThread "C1 CompilerThread0"         daemon [_thread_blocked, id=18764, stack(0x0000000af5f00000,0x0000000af6000000) (1024K)]
  0x000001f9d41a42e0 JavaThread "Common-Cleaner"             daemon [_thread_blocked, id=18188, stack(0x0000000af6000000,0x0000000af6100000) (1024K)]
  0x000001f9d42c6ef0 JavaThread "Notification Thread"        daemon [_thread_blocked, id=1716, stack(0x0000000af6100000,0x0000000af6200000) (1024K)]
  0x000001f9d4bcd200 JavaThread "Active Thread: Equinox Container: 0cdd5747-94c5-42d4-90c3-367d22e2db1e"        [_thread_blocked, id=7708, stack(0x0000000af6200000,0x0000000af6300000) (1024K)]
  0x000001f9d49f7210 JavaThread "Refresh Thread: Equinox Container: 0cdd5747-94c5-42d4-90c3-367d22e2db1e" daemon [_thread_blocked, id=6892, stack(0x0000000af6800000,0x0000000af6900000) (1024K)]
  0x000001f9d4a89c40 JavaThread "Framework Event Dispatcher: Equinox Container: 0cdd5747-94c5-42d4-90c3-367d22e2db1e" daemon [_thread_blocked, id=8896, stack(0x0000000af6900000,0x0000000af6a00000) (1024K)]
  0x000001f9d4313ba0 JavaThread "Start Level: Equinox Container: 0cdd5747-94c5-42d4-90c3-367d22e2db1e" daemon [_thread_blocked, id=16592, stack(0x0000000af6a00000,0x0000000af6b00000) (1024K)]
  0x000001f9d4bb3690 JavaThread "Bundle File Closer"         daemon [_thread_blocked, id=11244, stack(0x0000000af6b00000,0x0000000af6c00000) (1024K)]
  0x000001f9d4707250 JavaThread "SCR Component Actor"        daemon [_thread_blocked, id=1412, stack(0x0000000af6c00000,0x0000000af6d00000) (1024K)]
  0x000001f9d40840d0 JavaThread "Worker-JM"                         [_thread_blocked, id=17168, stack(0x0000000af6e00000,0x0000000af6f00000) (1024K)]
  0x000001f9d534f5e0 JavaThread "JNA Cleaner"                daemon [_thread_blocked, id=10936, stack(0x0000000af6f00000,0x0000000af7000000) (1024K)]
  0x000001f9d555f8f0 JavaThread "Worker-0: Java indexing... "        [_thread_blocked, id=10728, stack(0x0000000af7000000,0x0000000af7100000) (1024K)]
  0x000001f9d555ff80 JavaThread "Java indexing"              daemon [_thread_in_vm, id=14012, stack(0x0000000af7200000,0x0000000af7300000) (1024K)]
  0x000001f9d5561330 JavaThread "Worker-3: Building"                [_thread_in_native, id=2184, stack(0x0000000af7600000,0x0000000af7700000) (1024K)]
  0x000001f9d5562050 JavaThread "Thread-1"                   daemon [_thread_in_native, id=5288, stack(0x0000000af7700000,0x0000000af7800000) (1024K)]
  0x000001f9d55619c0 JavaThread "Thread-2"                   daemon [_thread_in_native, id=7436, stack(0x0000000af7800000,0x0000000af7900000) (1024K)]
  0x000001f9d55626e0 JavaThread "Thread-3"                   daemon [_thread_in_native, id=11036, stack(0x0000000af7900000,0x0000000af7a00000) (1024K)]
  0x000001f9d5562d70 JavaThread "Thread-4"                   daemon [_thread_in_native, id=8360, stack(0x0000000af7a00000,0x0000000af7b00000) (1024K)]
  0x000001f9d7a38250 JavaThread "Thread-5"                   daemon [_thread_in_native, id=6288, stack(0x0000000af7b00000,0x0000000af7c00000) (1024K)]
  0x000001f9d7a388e0 JavaThread "Thread-6"                   daemon [_thread_in_native, id=8336, stack(0x0000000af7c00000,0x0000000af7d00000) (1024K)]
  0x000001f9d7a38f70 JavaThread "Thread-7"                   daemon [_thread_in_native, id=2436, stack(0x0000000af7d00000,0x0000000af7e00000) (1024K)]
  0x000001f9d7a37530 JavaThread "pool-2-thread-1"                   [_thread_blocked, id=5548, stack(0x0000000af7e00000,0x0000000af7f00000) (1024K)]
  0x000001f9d7a39c90 JavaThread "WorkspaceEventsHandler"            [_thread_blocked, id=12128, stack(0x0000000af8000000,0x0000000af8100000) (1024K)]
  0x000001f9d7a33a20 JavaThread "pool-1-thread-1"                   [_thread_blocked, id=13624, stack(0x0000000af8100000,0x0000000af8200000) (1024K)]
=>0x000001f9d402f080 JavaThread "C2 CompilerThread1"         daemon [_thread_in_native, id=10196, stack(0x0000000af5200000,0x0000000af5300000) (1024K)]
  0x000001f9d78635c0 JavaThread "Worker-5"                          [_thread_blocked, id=6936, stack(0x0000000af5300000,0x0000000af5400000) (1024K)]
Total: 34

Other Threads:
  0x000001f9f72902b0 VMThread "VM Thread"                           [id=1108, stack(0x0000000af5700000,0x0000000af5800000) (1024K)]
  0x000001f9f73e0630 WatcherThread "VM Periodic Task Thread"        [id=2008, stack(0x0000000af5600000,0x0000000af5700000) (1024K)]
  0x000001f9f7392ef0 WorkerThread "GC Thread#0"                     [id=11640, stack(0x0000000af5500000,0x0000000af5600000) (1024K)]
  0x000001f9d484a4c0 WorkerThread "GC Thread#1"                     [id=6284, stack(0x0000000af6300000,0x0000000af6400000) (1024K)]
  0x000001f9d47411d0 WorkerThread "GC Thread#2"                     [id=6212, stack(0x0000000af6400000,0x0000000af6500000) (1024K)]
  0x000001f9d484a860 WorkerThread "GC Thread#3"                     [id=18420, stack(0x0000000af6500000,0x0000000af6600000) (1024K)]
  0x000001f9d4c0b450 WorkerThread "GC Thread#4"                     [id=5512, stack(0x0000000af6600000,0x0000000af6700000) (1024K)]
  0x000001f9d4c0b7f0 WorkerThread "GC Thread#5"                     [id=7608, stack(0x0000000af6700000,0x0000000af6800000) (1024K)]
Total: 8

Threads with active compile tasks:
C2 CompilerThread0  7610898 10338 %     4       org.lombokweb.asm.SymbolTable::<init> @ 98 (554 bytes)
C2 CompilerThread1  7610898 10363       4       org.lombokweb.asm.ClassReader::readMethod (1070 bytes)
Total: 2

VM state: not at safepoint (normal execution)

VM Mutex/Monitor currently owned by a thread: None

Heap address: 0x0000000080000000, size: 2048 MB, Compressed Oops mode: 32-bit

CDS archive(s) mapped at: [0x000001f98f000000-0x000001f98fba0000-0x000001f98fba0000), size 12189696, SharedBaseAddress: 0x000001f98f000000, ArchiveRelocationMode: 1.
Compressed class space mapped at: 0x000001f990000000-0x000001f9d0000000, reserved size: 1073741824
Narrow klass base: 0x000001f98f000000, Narrow klass shift: 0, Narrow klass range: 0x100000000

GC Precious Log:
 CardTable entry size: 512
 CPUs: 6 total, 6 available
 Memory: 16229M
 Large Page Support: Disabled
 NUMA Support: Disabled
 Compressed Oops: Enabled (32-bit)
 Alignments: Space 512K, Generation 512K, Heap 2M
 Heap Min Capacity: 100M
 Heap Initial Capacity: 100M
 Heap Max Capacity: 2G
 Pre-touch: Disabled
 Parallel Workers: 6

Heap:
 PSYoungGen      total 16896K, used 10217K [0x00000000d5580000, 0x00000000d6800000, 0x0000000100000000)
  eden space 15872K, 58% used [0x00000000d5580000,0x00000000d5e8afc8,0x00000000d6500000)
  from space 1024K, 93% used [0x00000000d6700000,0x00000000d67ef6d0,0x00000000d6800000)
  to   space 1536K, 0% used [0x00000000d6500000,0x00000000d6500000,0x00000000d6680000)
 ParOldGen       total 68608K, used 50157K [0x0000000080000000, 0x0000000084300000, 0x00000000d5580000)
  object space 68608K, 73% used [0x0000000080000000,0x00000000830fb5f8,0x0000000084300000)
 Metaspace       used 61640K, committed 62720K, reserved 1114112K
  class space    used 6599K, committed 7040K, reserved 1048576K

Card table byte_map: [0x000001f9f6d20000,0x000001f9f7130000] _byte_map_base: 0x000001f9f6920000

Marking Bits: (ParMarkBitMap*) 0x00007ffab1302460
 Begin Bits: [0x000001f9fa830000, 0x000001f9fc830000)
 End Bits:   [0x000001f9fc830000, 0x000001f9fe830000)

Polling page: 0x000001f9f5200000

Metaspace:

Usage:
  Non-class:     53.75 MB used.
      Class:      6.44 MB used.
       Both:     60.20 MB used.

Virtual space:
  Non-class space:       64.00 MB reserved,      54.38 MB ( 85%) committed,  1 nodes.
      Class space:        1.00 GB reserved,       6.88 MB ( <1%) committed,  1 nodes.
             Both:        1.06 GB reserved,      61.25 MB (  6%) committed. 

Chunk freelists:
   Non-Class:  8.69 MB
       Class:  8.97 MB
        Both:  17.66 MB

MaxMetaspaceSize: unlimited
CompressedClassSpaceSize: 1.00 GB
Initial GC threshold: 21.00 MB
Current GC threshold: 97.31 MB
CDS: on
 - commit_granule_bytes: 65536.
 - commit_granule_words: 8192.
 - virtual_space_node_default_size: 8388608.
 - enlarge_chunks_in_place: 1.
 - use_allocation_guard: 0.


Internal statistics:

num_allocs_failed_limit: 9.
num_arena_births: 1096.
num_arena_deaths: 420.
num_vsnodes_births: 2.
num_vsnodes_deaths: 0.
num_space_committed: 980.
num_space_uncommitted: 0.
num_chunks_returned_to_freelist: 505.
num_chunks_taken_from_freelist: 3980.
num_chunk_merges: 155.
num_chunk_splits: 2289.
num_chunks_enlarged: 1296.
num_inconsistent_stats: 0.

CodeHeap 'non-profiled nmethods': size=120000Kb used=6580Kb max_used=6651Kb free=113419Kb
 bounds [0x000001f987ad0000, 0x000001f988150000, 0x000001f98f000000]
CodeHeap 'profiled nmethods': size=120000Kb used=20685Kb max_used=20746Kb free=99314Kb
 bounds [0x000001f980000000, 0x000001f981480000, 0x000001f987530000]
CodeHeap 'non-nmethods': size=5760Kb used=1430Kb max_used=1514Kb free=4329Kb
 bounds [0x000001f987530000, 0x000001f9877a0000, 0x000001f987ad0000]
CodeCache: size=245760Kb, used=28695Kb, max_used=28911Kb, free=217062Kb
 total_blobs=10304, nmethods=9564, adapters=646, full_count=0
Compilation: enabled, stopped_count=0, restarted_count=0

Compilation events (20 events):
Event: 7610.706 Thread 0x000001f9f7319250 10373       2       org.eclipse.jdt.internal.compiler.parser.Parser::tAction (35 bytes)
Event: 7610.707 Thread 0x000001f9f7319250 nmethod 10373 0x000001f980839310 code [0x000001f9808394c0, 0x000001f980839650]
Event: 7610.707 Thread 0x000001f9f7319250 10374       2       org.eclipse.jdt.internal.compiler.parser.Parser::actFromTokenOrSynthetic (12 bytes)
Event: 7610.707 Thread 0x000001f9f7319250 nmethod 10374 0x000001f980049490 code [0x000001f980049640, 0x000001f980049800]
Event: 7610.708 Thread 0x000001f9f7319250 10375       3       org.eclipse.jdt.internal.compiler.parser.Scanner::internalScanIdentifierOrKeyword (5041 bytes)
Event: 7610.717 Thread 0x000001f9f7319250 nmethod 10375 0x000001f98044f990 code [0x000001f980450900, 0x000001f98045ba18]
Event: 7610.718 Thread 0x000001f9f7319250 10378       2       java.lang.CharacterDataLatin1::isIdentifierIgnorable (23 bytes)
Event: 7610.718 Thread 0x000001f9f7319250 nmethod 10378 0x000001f9803f8010 code [0x000001f9803f81a0, 0x000001f9803f82f8]
Event: 7610.718 Thread 0x000001f9f7319250 10377       2       org.eclipse.jdt.internal.compiler.parser.Parser::consumeRule (7843 bytes)
Event: 7610.731 Thread 0x000001f9f7319250 nmethod 10377 0x000001f98145c810 code [0x000001f98145ff40, 0x000001f98146e110]
Event: 7610.732 Thread 0x000001f9f7319250 10376       2       org.eclipse.jdt.internal.compiler.parser.Parser::ntAction (8 bytes)
Event: 7610.732 Thread 0x000001f9f7319250 nmethod 10376 0x000001f9801b3d90 code [0x000001f9801b3f20, 0x000001f9801b4040]
Event: 7610.754 Thread 0x000001f9f7319250 10379       2       java.util.IdentityHashMap$KeyIterator::next (13 bytes)
Event: 7610.754 Thread 0x000001f9f7319250 nmethod 10379 0x000001f980503610 code [0x000001f9805037c0, 0x000001f980503930]
Event: 7610.755 Thread 0x000001f9f7319250 10380       2       java.util.IdentityHashMap$IdentityHashMapIterator::nextIndex (72 bytes)
Event: 7610.755 Thread 0x000001f9f7319250 nmethod 10380 0x000001f980048e10 code [0x000001f980048fe0, 0x000001f9800492d8]
Event: 7610.755 Thread 0x000001f9f7319250 10381   !   2       org.eclipse.osgi.internal.loader.classpath.ClasspathManager::findLocalResource (183 bytes)
Event: 7610.755 Thread 0x000001f9f7319250 nmethod 10381 0x000001f9802f6e10 code [0x000001f9802f7080, 0x000001f9802f76e8]
Event: 7610.768 Thread 0x000001f9f7319250 10382   !   2       jdk.internal.loader.URLClassPath::check (123 bytes)
Event: 7610.768 Thread 0x000001f9f7319250 nmethod 10382 0x000001f980804390 code [0x000001f980804520, 0x000001f980804608]

GC Heap History (20 events):
Event: 60.591 GC heap before
{Heap before GC invocations=48 (full 2):
 PSYoungGen      total 19456K, used 19296K [0x00000000d5580000, 0x00000000d6980000, 0x0000000100000000)
  eden space 18944K, 100% used [0x00000000d5580000,0x00000000d6800000,0x00000000d6800000)
  from space 512K, 68% used [0x00000000d6800000,0x00000000d6858288,0x00000000d6880000)
  to   space 512K, 0% used [0x00000000d6900000,0x00000000d6900000,0x00000000d6980000)
 ParOldGen       total 68608K, used 60895K [0x0000000080000000, 0x0000000084300000, 0x00000000d5580000)
  object space 68608K, 88% used [0x0000000080000000,0x0000000083b77ca8,0x0000000084300000)
 Metaspace       used 57234K, committed 58496K, reserved 1114112K
  class space    used 6193K, committed 6720K, reserved 1048576K
}
Event: 60.592 GC heap after
{Heap after GC invocations=48 (full 2):
 PSYoungGen      total 19456K, used 335K [0x00000000d5580000, 0x00000000d6980000, 0x0000000100000000)
  eden space 18944K, 0% used [0x00000000d5580000,0x00000000d5580000,0x00000000d6800000)
  from space 512K, 65% used [0x00000000d6900000,0x00000000d6953e10,0x00000000d6980000)
  to   space 512K, 0% used [0x00000000d6800000,0x00000000d6800000,0x00000000d6880000)
 ParOldGen       total 68608K, used 60943K [0x0000000080000000, 0x0000000084300000, 0x00000000d5580000)
  object space 68608K, 88% used [0x0000000080000000,0x0000000083b83ca8,0x0000000084300000)
 Metaspace       used 57234K, committed 58496K, reserved 1114112K
  class space    used 6193K, committed 6720K, reserved 1048576K
}
Event: 62.834 GC heap before
{Heap before GC invocations=49 (full 2):
 PSYoungGen      total 19456K, used 19279K [0x00000000d5580000, 0x00000000d6980000, 0x0000000100000000)
  eden space 18944K, 100% used [0x00000000d5580000,0x00000000d6800000,0x00000000d6800000)
  from space 512K, 65% used [0x00000000d6900000,0x00000000d6953e10,0x00000000d6980000)
  to   space 512K, 0% used [0x00000000d6800000,0x00000000d6800000,0x00000000d6880000)
 ParOldGen       total 68608K, used 60943K [0x0000000080000000, 0x0000000084300000, 0x00000000d5580000)
  object space 68608K, 88% used [0x0000000080000000,0x0000000083b83ca8,0x0000000084300000)
 Metaspace       used 57287K, committed 58560K, reserved 1114112K
  class space    used 6197K, committed 6720K, reserved 1048576K
}
Event: 62.835 GC heap after
{Heap after GC invocations=49 (full 2):
 PSYoungGen      total 19456K, used 288K [0x00000000d5580000, 0x00000000d6980000, 0x0000000100000000)
  eden space 18944K, 0% used [0x00000000d5580000,0x00000000d5580000,0x00000000d6800000)
  from space 512K, 56% used [0x00000000d6800000,0x00000000d6848000,0x00000000d6880000)
  to   space 512K, 0% used [0x00000000d6900000,0x00000000d6900000,0x00000000d6980000)
 ParOldGen       total 68608K, used 61007K [0x0000000080000000, 0x0000000084300000, 0x00000000d5580000)
  object space 68608K, 88% used [0x0000000080000000,0x0000000083b93ca8,0x0000000084300000)
 Metaspace       used 57287K, committed 58560K, reserved 1114112K
  class space    used 6197K, committed 6720K, reserved 1048576K
}
Event: 63.151 GC heap before
{Heap before GC invocations=50 (full 2):
 PSYoungGen      total 19456K, used 19232K [0x00000000d5580000, 0x00000000d6980000, 0x0000000100000000)
  eden space 18944K, 100% used [0x00000000d5580000,0x00000000d6800000,0x00000000d6800000)
  from space 512K, 56% used [0x00000000d6800000,0x00000000d6848000,0x00000000d6880000)
  to   space 512K, 0% used [0x00000000d6900000,0x00000000d6900000,0x00000000d6980000)
 ParOldGen       total 68608K, used 61007K [0x0000000080000000, 0x0000000084300000, 0x00000000d5580000)
  object space 68608K, 88% used [0x0000000080000000,0x0000000083b93ca8,0x0000000084300000)
 Metaspace       used 57508K, committed 58816K, reserved 1114112K
  class space    used 6218K, committed 6784K, reserved 1048576K
}
Event: 63.152 GC heap after
{Heap after GC invocations=50 (full 2):
 PSYoungGen      total 18944K, used 506K [0x00000000d5580000, 0x00000000d6b00000, 0x0000000100000000)
  eden space 18432K, 0% used [0x00000000d5580000,0x00000000d5580000,0x00000000d6780000)
  from space 512K, 98% used [0x00000000d6900000,0x00000000d697eb20,0x00000000d6980000)
  to   space 1536K, 0% used [0x00000000d6780000,0x00000000d6780000,0x00000000d6900000)
 ParOldGen       total 68608K, used 61435K [0x0000000080000000, 0x0000000084300000, 0x00000000d5580000)
  object space 68608K, 89% used [0x0000000080000000,0x0000000083bfef50,0x0000000084300000)
 Metaspace       used 57508K, committed 58816K, reserved 1114112K
  class space    used 6218K, committed 6784K, reserved 1048576K
}
Event: 63.222 GC heap before
{Heap before GC invocations=51 (full 2):
 PSYoungGen      total 18944K, used 18938K [0x00000000d5580000, 0x00000000d6b00000, 0x0000000100000000)
  eden space 18432K, 100% used [0x00000000d5580000,0x00000000d6780000,0x00000000d6780000)
  from space 512K, 98% used [0x00000000d6900000,0x00000000d697eb20,0x00000000d6980000)
  to   space 1536K, 0% used [0x00000000d6780000,0x00000000d6780000,0x00000000d6900000)
 ParOldGen       total 68608K, used 61435K [0x0000000080000000, 0x0000000084300000, 0x00000000d5580000)
  object space 68608K, 89% used [0x0000000080000000,0x0000000083bfef50,0x0000000084300000)
 Metaspace       used 57513K, committed 58816K, reserved 1114112K
  class space    used 6218K, committed 6784K, reserved 1048576K
}
Event: 63.223 GC heap after
{Heap after GC invocations=51 (full 2):
 PSYoungGen      total 19456K, used 623K [0x00000000d5580000, 0x00000000d6980000, 0x0000000100000000)
  eden space 18432K, 0% used [0x00000000d5580000,0x00000000d5580000,0x00000000d6780000)
  from space 1024K, 60% used [0x00000000d6780000,0x00000000d681bcc8,0x00000000d6880000)
  to   space 1024K, 0% used [0x00000000d6880000,0x00000000d6880000,0x00000000d6980000)
 ParOldGen       total 68608K, used 61594K [0x0000000080000000, 0x0000000084300000, 0x00000000d5580000)
  object space 68608K, 89% used [0x0000000080000000,0x0000000083c26900,0x0000000084300000)
 Metaspace       used 57513K, committed 58816K, reserved 1114112K
  class space    used 6218K, committed 6784K, reserved 1048576K
}
Event: 5696.447 GC heap before
{Heap before GC invocations=52 (full 2):
 PSYoungGen      total 19456K, used 19055K [0x00000000d5580000, 0x00000000d6980000, 0x0000000100000000)
  eden space 18432K, 100% used [0x00000000d5580000,0x00000000d6780000,0x00000000d6780000)
  from space 1024K, 60% used [0x00000000d6780000,0x00000000d681bcc8,0x00000000d6880000)
  to   space 1024K, 0% used [0x00000000d6880000,0x00000000d6880000,0x00000000d6980000)
 ParOldGen       total 68608K, used 61594K [0x0000000080000000, 0x0000000084300000, 0x00000000d5580000)
  object space 68608K, 89% used [0x0000000080000000,0x0000000083c26900,0x0000000084300000)
 Metaspace       used 57936K, committed 59264K, reserved 1114112K
  class space    used 6253K, committed 6784K, reserved 1048576K
}
Event: 5696.472 GC heap after
{Heap after GC invocations=52 (full 2):
 PSYoungGen      total 18944K, used 288K [0x00000000d5580000, 0x00000000d6900000, 0x0000000100000000)
  eden space 18432K, 0% used [0x00000000d5580000,0x00000000d5580000,0x00000000d6780000)
  from space 512K, 56% used [0x00000000d6880000,0x00000000d68c8000,0x00000000d6900000)
  to   space 512K, 0% used [0x00000000d6800000,0x00000000d6800000,0x00000000d6880000)
 ParOldGen       total 68608K, used 62002K [0x0000000080000000, 0x0000000084300000, 0x00000000d5580000)
  object space 68608K, 90% used [0x0000000080000000,0x0000000083c8c900,0x0000000084300000)
 Metaspace       used 57936K, committed 59264K, reserved 1114112K
  class space    used 6253K, committed 6784K, reserved 1048576K
}
Event: 7610.125 GC heap before
{Heap before GC invocations=53 (full 2):
 PSYoungGen      total 18944K, used 7241K [0x00000000d5580000, 0x00000000d6900000, 0x0000000100000000)
  eden space 18432K, 37% used [0x00000000d5580000,0x00000000d5c4a570,0x00000000d6780000)
  from space 512K, 56% used [0x00000000d6880000,0x00000000d68c8000,0x00000000d6900000)
  to   space 512K, 0% used [0x00000000d6800000,0x00000000d6800000,0x00000000d6880000)
 ParOldGen       total 68608K, used 62002K [0x0000000080000000, 0x0000000084300000, 0x00000000d5580000)
  object space 68608K, 90% used [0x0000000080000000,0x0000000083c8c900,0x0000000084300000)
 Metaspace       used 58477K, committed 59776K, reserved 1114112K
  class space    used 6309K, committed 6848K, reserved 1048576K
}
Event: 7610.128 GC heap after
{Heap after GC invocations=53 (full 2):
 PSYoungGen      total 18944K, used 364K [0x00000000d5580000, 0x00000000d6900000, 0x0000000100000000)
  eden space 18432K, 0% used [0x00000000d5580000,0x00000000d5580000,0x00000000d6780000)
  from space 512K, 71% used [0x00000000d6800000,0x00000000d685b390,0x00000000d6880000)
  to   space 512K, 0% used [0x00000000d6880000,0x00000000d6880000,0x00000000d6900000)
 ParOldGen       total 68608K, used 62186K [0x0000000080000000, 0x0000000084300000, 0x00000000d5580000)
  object space 68608K, 90% used [0x0000000080000000,0x0000000083cba900,0x0000000084300000)
 Metaspace       used 58477K, committed 59776K, reserved 1114112K
  class space    used 6309K, committed 6848K, reserved 1048576K
}
Event: 7610.128 GC heap before
{Heap before GC invocations=54 (full 3):
 PSYoungGen      total 18944K, used 364K [0x00000000d5580000, 0x00000000d6900000, 0x0000000100000000)
  eden space 18432K, 0% used [0x00000000d5580000,0x00000000d5580000,0x00000000d6780000)
  from space 512K, 71% used [0x00000000d6800000,0x00000000d685b390,0x00000000d6880000)
  to   space 512K, 0% used [0x00000000d6880000,0x00000000d6880000,0x00000000d6900000)
 ParOldGen       total 68608K, used 62186K [0x0000000080000000, 0x0000000084300000, 0x00000000d5580000)
  object space 68608K, 90% used [0x0000000080000000,0x0000000083cba900,0x0000000084300000)
 Metaspace       used 58477K, committed 59776K, reserved 1114112K
  class space    used 6309K, committed 6848K, reserved 1048576K
}
Event: 7610.376 GC heap after
{Heap after GC invocations=54 (full 3):
 PSYoungGen      total 18944K, used 0K [0x00000000d5580000, 0x00000000d6900000, 0x0000000100000000)
  eden space 18432K, 0% used [0x00000000d5580000,0x00000000d5580000,0x00000000d6780000)
  from space 512K, 0% used [0x00000000d6800000,0x00000000d6800000,0x00000000d6880000)
  to   space 512K, 0% used [0x00000000d6880000,0x00000000d6880000,0x00000000d6900000)
 ParOldGen       total 68608K, used 47320K [0x0000000080000000, 0x0000000084300000, 0x00000000d5580000)
  object space 68608K, 68% used [0x0000000080000000,0x0000000082e36390,0x0000000084300000)
 Metaspace       used 58060K, committed 59776K, reserved 1114112K
  class space    used 6205K, committed 6848K, reserved 1048576K
}
Event: 7610.581 GC heap before
{Heap before GC invocations=55 (full 3):
 PSYoungGen      total 18944K, used 18429K [0x00000000d5580000, 0x00000000d6900000, 0x0000000100000000)
  eden space 18432K, 99% used [0x00000000d5580000,0x00000000d677f4f8,0x00000000d6780000)
  from space 512K, 0% used [0x00000000d6800000,0x00000000d6800000,0x00000000d6880000)
  to   space 512K, 0% used [0x00000000d6880000,0x00000000d6880000,0x00000000d6900000)
 ParOldGen       total 68608K, used 47320K [0x0000000080000000, 0x0000000084300000, 0x00000000d5580000)
  object space 68608K, 68% used [0x0000000080000000,0x0000000082e36390,0x0000000084300000)
 Metaspace       used 59865K, committed 61056K, reserved 1114112K
  class space    used 6429K, committed 6976K, reserved 1048576K
}
Event: 7610.582 GC heap after
{Heap after GC invocations=55 (full 3):
 PSYoungGen      total 16384K, used 504K [0x00000000d5580000, 0x00000000d6e80000, 0x0000000100000000)
  eden space 15872K, 0% used [0x00000000d5580000,0x00000000d5580000,0x00000000d6500000)
  from space 512K, 98% used [0x00000000d6880000,0x00000000d68fe308,0x00000000d6900000)
  to   space 3584K, 0% used [0x00000000d6500000,0x00000000d6500000,0x00000000d6880000)
 ParOldGen       total 68608K, used 49506K [0x0000000080000000, 0x0000000084300000, 0x00000000d5580000)
  object space 68608K, 72% used [0x0000000080000000,0x0000000083058998,0x0000000084300000)
 Metaspace       used 59865K, committed 61056K, reserved 1114112K
  class space    used 6429K, committed 6976K, reserved 1048576K
}
Event: 7610.626 GC heap before
{Heap before GC invocations=56 (full 3):
 PSYoungGen      total 16384K, used 16376K [0x00000000d5580000, 0x00000000d6e80000, 0x0000000100000000)
  eden space 15872K, 100% used [0x00000000d5580000,0x00000000d6500000,0x00000000d6500000)
  from space 512K, 98% used [0x00000000d6880000,0x00000000d68fe308,0x00000000d6900000)
  to   space 3584K, 0% used [0x00000000d6500000,0x00000000d6500000,0x00000000d6880000)
 ParOldGen       total 68608K, used 49506K [0x0000000080000000, 0x0000000084300000, 0x00000000d5580000)
  object space 68608K, 72% used [0x0000000080000000,0x0000000083058998,0x0000000084300000)
 Metaspace       used 60086K, committed 61248K, reserved 1114112K
  class space    used 6462K, committed 6976K, reserved 1048576K
}
Event: 7610.627 GC heap after
{Heap after GC invocations=56 (full 3):
 PSYoungGen      total 17408K, used 1182K [0x00000000d5580000, 0x00000000d6900000, 0x0000000100000000)
  eden space 15872K, 0% used [0x00000000d5580000,0x00000000d5580000,0x00000000d6500000)
  from space 1536K, 76% used [0x00000000d6500000,0x00000000d66279c8,0x00000000d6680000)
  to   space 2048K, 0% used [0x00000000d6700000,0x00000000d6700000,0x00000000d6900000)
 ParOldGen       total 68608K, used 50029K [0x0000000080000000, 0x0000000084300000, 0x00000000d5580000)
  object space 68608K, 72% used [0x0000000080000000,0x00000000830db5d8,0x0000000084300000)
 Metaspace       used 60086K, committed 61248K, reserved 1114112K
  class space    used 6462K, committed 6976K, reserved 1048576K
}
Event: 7610.652 GC heap before
{Heap before GC invocations=57 (full 3):
 PSYoungGen      total 17408K, used 16923K [0x00000000d5580000, 0x00000000d6900000, 0x0000000100000000)
  eden space 15872K, 99% used [0x00000000d5580000,0x00000000d64df2d8,0x00000000d6500000)
  from space 1536K, 76% used [0x00000000d6500000,0x00000000d66279c8,0x00000000d6680000)
  to   space 2048K, 0% used [0x00000000d6700000,0x00000000d6700000,0x00000000d6900000)
 ParOldGen       total 68608K, used 50029K [0x0000000080000000, 0x0000000084300000, 0x00000000d5580000)
  object space 68608K, 72% used [0x0000000080000000,0x00000000830db5d8,0x0000000084300000)
 Metaspace       used 60090K, committed 61248K, reserved 1114112K
  class space    used 6462K, committed 6976K, reserved 1048576K
}
Event: 7610.653 GC heap after
{Heap after GC invocations=57 (full 3):
 PSYoungGen      total 16896K, used 957K [0x00000000d5580000, 0x00000000d6800000, 0x0000000100000000)
  eden space 15872K, 0% used [0x00000000d5580000,0x00000000d5580000,0x00000000d6500000)
  from space 1024K, 93% used [0x00000000d6700000,0x00000000d67ef6d0,0x00000000d6800000)
  to   space 1536K, 0% used [0x00000000d6500000,0x00000000d6500000,0x00000000d6680000)
 ParOldGen       total 68608K, used 50157K [0x0000000080000000, 0x0000000084300000, 0x00000000d5580000)
  object space 68608K, 73% used [0x0000000080000000,0x00000000830fb5f8,0x0000000084300000)
 Metaspace       used 60090K, committed 61248K, reserved 1114112K
  class space    used 6462K, committed 6976K, reserved 1048576K
}

Dll operation events (12 events):
Event: 0.010 Loaded shared library c:\Users\Dfrois\.antigravity\extensions\redhat.java-1.52.0-win32-x64\jre\21.0.9-win32-x86_64\bin\java.dll
Event: 0.136 Loaded shared library c:\Users\Dfrois\.antigravity\extensions\redhat.java-1.52.0-win32-x64\jre\21.0.9-win32-x86_64\bin\zip.dll
Event: 0.159 Loaded shared library C:\Users\Dfrois\.antigravity\extensions\redhat.java-1.52.0-win32-x64\jre\21.0.9-win32-x86_64\bin\instrument.dll
Event: 0.164 Loaded shared library C:\Users\Dfrois\.antigravity\extensions\redhat.java-1.52.0-win32-x64\jre\21.0.9-win32-x86_64\bin\net.dll
Event: 0.194 Loaded shared library C:\Users\Dfrois\.antigravity\extensions\redhat.java-1.52.0-win32-x64\jre\21.0.9-win32-x86_64\bin\nio.dll
Event: 0.197 Loaded shared library C:\Users\Dfrois\.antigravity\extensions\redhat.java-1.52.0-win32-x64\jre\21.0.9-win32-x86_64\bin\zip.dll
Event: 0.236 Loaded shared library C:\Users\Dfrois\.antigravity\extensions\redhat.java-1.52.0-win32-x64\jre\21.0.9-win32-x86_64\bin\jimage.dll
Event: 0.416 Loaded shared library c:\Users\Dfrois\.antigravity\extensions\redhat.java-1.52.0-win32-x64\jre\21.0.9-win32-x86_64\bin\verify.dll
Event: 15.929 Loaded shared library C:\Users\Dfrois\AppData\Roaming\Antigravity\User\globalStorage\redhat.java\1.52.0\config_win\org.eclipse.equinox.launcher\org.eclipse.equinox.launcher.win32.win32.x86_64_1.2.1500.v20260121-1430\eclipse_11919.dll
Event: 35.320 Loaded shared library C:\Users\Dfrois\AppData\Local\Temp\jna-2044487625\jna18102416153821243127.dll
Event: 37.741 Loaded shared library C:\Users\Dfrois\.antigravity\extensions\redhat.java-1.52.0-win32-x64\jre\21.0.9-win32-x86_64\bin\sunmscapi.dll
Event: 38.913 Loaded shared library C:\Users\Dfrois\.antigravity\extensions\redhat.java-1.52.0-win32-x64\jre\21.0.9-win32-x86_64\bin\extnet.dll

Deoptimization events (20 events):
Event: 7610.600 Thread 0x000001f9d555ff80 DEOPT PACKING pc=0x000001f987ccdce0 sp=0x0000000af72fab00
Event: 7610.600 Thread 0x000001f9d555ff80 DEOPT UNPACKING pc=0x000001f987583aa2 sp=0x0000000af72faaf8 mode 2
Event: 7610.610 Thread 0x000001f9d555ff80 Uncommon trap: trap_request=0xffffff45 fr.pc=0x000001f987d10dac relative=0x000000000000116c
Event: 7610.610 Thread 0x000001f9d555ff80 Uncommon trap: reason=unstable_if action=reinterpret pc=0x000001f987d10dac method=org.lombokweb.asm.MethodWriter.putMethodInfo(Lorg/lombokweb/asm/ByteVector;)V @ 374 c2
Event: 7610.610 Thread 0x000001f9d555ff80 DEOPT PACKING pc=0x000001f987d10dac sp=0x0000000af72fad70
Event: 7610.610 Thread 0x000001f9d555ff80 DEOPT UNPACKING pc=0x000001f987583aa2 sp=0x0000000af72fad18 mode 2
Event: 7610.612 Thread 0x000001f9d555ff80 DEOPT PACKING pc=0x000001f9808dfbb3 sp=0x0000000af72facb0
Event: 7610.612 Thread 0x000001f9d555ff80 DEOPT UNPACKING pc=0x000001f987584242 sp=0x0000000af72fa1e0 mode 0
Event: 7610.614 Thread 0x000001f9d555ff80 Uncommon trap: trap_request=0xffffffc6 fr.pc=0x000001f987fc691c relative=0x000000000000049c
Event: 7610.614 Thread 0x000001f9d555ff80 Uncommon trap: reason=bimorphic_or_optimized_type_check action=maybe_recompile pc=0x000001f987fc691c method=java.util.regex.Pattern$Slice.match(Ljava/util/regex/Matcher;ILjava/lang/CharSequence;)Z @ 75 c2
Event: 7610.614 Thread 0x000001f9d555ff80 DEOPT PACKING pc=0x000001f987fc691c sp=0x0000000af72fa660
Event: 7610.614 Thread 0x000001f9d555ff80 DEOPT UNPACKING pc=0x000001f987583aa2 sp=0x0000000af72fa600 mode 2
Event: 7610.614 Thread 0x000001f9d555ff80 Uncommon trap: trap_request=0xffffffc6 fr.pc=0x000001f987fc691c relative=0x000000000000049c
Event: 7610.614 Thread 0x000001f9d555ff80 Uncommon trap: reason=bimorphic_or_optimized_type_check action=maybe_recompile pc=0x000001f987fc691c method=java.util.regex.Pattern$Slice.match(Ljava/util/regex/Matcher;ILjava/lang/CharSequence;)Z @ 75 c2
Event: 7610.614 Thread 0x000001f9d555ff80 DEOPT PACKING pc=0x000001f987fc691c sp=0x0000000af72fa660
Event: 7610.614 Thread 0x000001f9d555ff80 DEOPT UNPACKING pc=0x000001f987583aa2 sp=0x0000000af72fa600 mode 2
Event: 7610.630 Thread 0x000001f9d555ff80 DEOPT PACKING pc=0x000001f9808dfbb3 sp=0x0000000af72facb0
Event: 7610.630 Thread 0x000001f9d555ff80 DEOPT UNPACKING pc=0x000001f987584242 sp=0x0000000af72fa1e0 mode 0
Event: 7610.634 Thread 0x000001f9d555ff80 DEOPT PACKING pc=0x000001f9808dfbb3 sp=0x0000000af72facb0
Event: 7610.634 Thread 0x000001f9d555ff80 DEOPT UNPACKING pc=0x000001f987584242 sp=0x0000000af72fa1e0 mode 0

Classes loaded (20 events):
Event: 1388.911 Loading class java/util/stream/DistinctOps$1
Event: 1388.912 Loading class java/util/stream/DistinctOps$1 done
Event: 1388.915 Loading class java/util/stream/DistinctOps$1$2
Event: 1388.916 Loading class java/util/stream/DistinctOps$1$2 done
Event: 7610.492 Loading class java/util/WeakHashMap$KeyIterator
Event: 7610.492 Loading class java/util/WeakHashMap$KeyIterator done
Event: 7610.526 Loading class java/nio/charset/CharacterCodingException
Event: 7610.527 Loading class java/nio/charset/CharacterCodingException done
Event: 7610.527 Loading class java/io/SequenceInputStream
Event: 7610.527 Loading class java/io/SequenceInputStream done
Event: 7610.555 Loading class org/xml/sax/SAXNotRecognizedException
Event: 7610.555 Loading class org/xml/sax/SAXNotRecognizedException done
Event: 7610.555 Loading class org/xml/sax/SAXNotSupportedException
Event: 7610.555 Loading class org/xml/sax/SAXNotSupportedException done
Event: 7610.556 Loading class com/sun/org/apache/xerces/internal/util/URI
Event: 7610.557 Loading class com/sun/org/apache/xerces/internal/util/URI done
Event: 7610.559 Loading class com/sun/org/apache/xerces/internal/xni/XNIException
Event: 7610.559 Loading class com/sun/org/apache/xerces/internal/xni/XNIException done
Event: 7610.559 Loading class com/sun/org/apache/xerces/internal/xni/parser/XMLParseException
Event: 7610.559 Loading class com/sun/org/apache/xerces/internal/xni/parser/XMLParseException done

Classes unloaded (20 events):
Event: 7610.171 Thread 0x000001f9f72902b0 Unloading class 0x000001f990014800 'java/lang/invoke/LambdaForm$MH+0x000001f990014800'
Event: 7610.171 Thread 0x000001f9f72902b0 Unloading class 0x000001f99000d800 'java/lang/invoke/LambdaForm$MH+0x000001f99000d800'
Event: 7610.171 Thread 0x000001f9f72902b0 Unloading class 0x000001f99000d400 'java/lang/invoke/LambdaForm$MH+0x000001f99000d400'
Event: 7610.171 Thread 0x000001f9f72902b0 Unloading class 0x000001f99000d000 'java/lang/invoke/LambdaForm$MH+0x000001f99000d000'
Event: 7610.171 Thread 0x000001f9f72902b0 Unloading class 0x000001f99000cc00 'java/lang/invoke/LambdaForm$MH+0x000001f99000cc00'
Event: 7610.171 Thread 0x000001f9f72902b0 Unloading class 0x000001f99000c800 'java/lang/invoke/LambdaForm$BMH+0x000001f99000c800'
Event: 7610.171 Thread 0x000001f9f72902b0 Unloading class 0x000001f99000c000 'java/lang/invoke/LambdaForm$DMH+0x000001f99000c000'
Event: 7610.171 Thread 0x000001f9f72902b0 Unloading class 0x000001f990008c00 'java/lang/invoke/LambdaForm$MH+0x000001f990008c00'
Event: 7610.171 Thread 0x000001f9f72902b0 Unloading class 0x000001f990008800 'java/lang/invoke/LambdaForm$MH+0x000001f990008800'
Event: 7610.171 Thread 0x000001f9f72902b0 Unloading class 0x000001f990008400 'java/lang/invoke/LambdaForm$MH+0x000001f990008400'
Event: 7610.171 Thread 0x000001f9f72902b0 Unloading class 0x000001f990007000 'java/lang/invoke/LambdaForm$MH+0x000001f990007000'
Event: 7610.171 Thread 0x000001f9f72902b0 Unloading class 0x000001f990006800 'java/lang/invoke/LambdaForm$MH+0x000001f990006800'
Event: 7610.171 Thread 0x000001f9f72902b0 Unloading class 0x000001f990006400 'java/lang/invoke/LambdaForm$MH+0x000001f990006400'
Event: 7610.171 Thread 0x000001f9f72902b0 Unloading class 0x000001f990006000 'java/lang/invoke/LambdaForm$MH+0x000001f990006000'
Event: 7610.171 Thread 0x000001f9f72902b0 Unloading class 0x000001f990005c00 'java/lang/invoke/LambdaForm$BMH+0x000001f990005c00'
Event: 7610.171 Thread 0x000001f9f72902b0 Unloading class 0x000001f990004800 'java/lang/invoke/LambdaForm$DMH+0x000001f990004800'
Event: 7610.171 Thread 0x000001f9f72902b0 Unloading class 0x000001f990002800 'java/lang/invoke/LambdaForm$MH+0x000001f990002800'
Event: 7610.171 Thread 0x000001f9f72902b0 Unloading class 0x000001f990002400 'java/lang/invoke/LambdaForm$MH+0x000001f990002400'
Event: 7610.171 Thread 0x000001f9f72902b0 Unloading class 0x000001f990002000 'java/lang/invoke/LambdaForm$MH+0x000001f990002000'
Event: 7610.171 Thread 0x000001f9f72902b0 Unloading class 0x000001f990001800 'java/lang/invoke/LambdaForm$MH+0x000001f990001800'

Classes redefined (0 events):
No events

Internal exceptions (20 events):
Event: 59.273 Thread 0x000001f9d7a3a320 Exception <a 'sun/nio/fs/WindowsException'{0x00000000d5de6190}> (0x00000000d5de6190) 
thrown [s\src\hotspot\share\prims\jni.cpp, line 520]
Event: 59.273 Thread 0x000001f9d7a3a320 Exception <a 'sun/nio/fs/WindowsException'{0x00000000d5de6ce0}> (0x00000000d5de6ce0) 
thrown [s\src\hotspot\share\prims\jni.cpp, line 520]
Event: 59.274 Thread 0x000001f9d7a3a320 Exception <a 'sun/nio/fs/WindowsException'{0x00000000d5e0f118}> (0x00000000d5e0f118) 
thrown [s\src\hotspot\share\prims\jni.cpp, line 520]
Event: 59.274 Thread 0x000001f9d7a3a320 Exception <a 'sun/nio/fs/WindowsException'{0x00000000d5e0fc68}> (0x00000000d5e0fc68) 
thrown [s\src\hotspot\share\prims\jni.cpp, line 520]
Event: 59.278 Thread 0x000001f9d7a3a320 Exception <a 'sun/nio/fs/WindowsException'{0x00000000d5e64d90}> (0x00000000d5e64d90) 
thrown [s\src\hotspot\share\prims\jni.cpp, line 520]
Event: 59.278 Thread 0x000001f9d7a3a320 Exception <a 'sun/nio/fs/WindowsException'{0x00000000d5e658e0}> (0x00000000d5e658e0) 
thrown [s\src\hotspot\share\prims\jni.cpp, line 520]
Event: 59.844 Thread 0x000001f9d5561330 Implicit null exception at 0x000001f9880a40cb to 0x000001f9880a4b40
Event: 59.845 Thread 0x000001f9d5561330 Implicit null exception at 0x000001f988083ba9 to 0x000001f988084524
Event: 63.303 Thread 0x000001f9d5561330 Exception <a 'sun/nio/fs/WindowsException'{0x00000000d5eb53a0}> (0x00000000d5eb53a0) 
thrown [s\src\hotspot\share\prims\jni.cpp, line 520]
Event: 63.303 Thread 0x000001f9d5561330 Exception <a 'sun/nio/fs/WindowsException'{0x00000000d5eb5c40}> (0x00000000d5eb5c40) 
thrown [s\src\hotspot\share\prims\jni.cpp, line 520]
Event: 7610.025 Thread 0x000001f9d7a39c90 Exception <a 'sun/nio/fs/WindowsException'{0x00000000d58add50}> (0x00000000d58add50) 
thrown [s\src\hotspot\share\prims\jni.cpp, line 520]
Event: 7610.026 Thread 0x000001f9d7a39c90 Exception <a 'sun/nio/fs/WindowsException'{0x00000000d58ae8c0}> (0x00000000d58ae8c0) 
thrown [s\src\hotspot\share\prims\jni.cpp, line 520]
Event: 7610.407 Thread 0x000001f9d7a39c90 Implicit null exception at 0x000001f987f07ed9 to 0x000001f987f08164
Event: 7610.431 Thread 0x000001f9d7a39c90 Implicit null exception at 0x000001f987d7cf92 to 0x000001f987d7d03d
Event: 7610.431 Thread 0x000001f9d7a39c90 Implicit null exception at 0x000001f987e2455b to 0x000001f987e25648
Event: 7610.453 Thread 0x000001f9d7a39c90 Exception <a 'java/lang/NoSuchMethodError'{0x00000000d5a3cc00}: 'java.lang.Object java.lang.invoke.DirectMethodHandle$Holder.invokeVirtual(java.lang.Object, java.lang.Object, int)'> (0x00000000d5a3cc00) 
thrown [s\src\hotspot\share\interpreter\linkResolver.cpp, line 773]
Event: 7610.496 Thread 0x000001f9d7a39c90 Exception <a 'java/lang/NoSuchMethodError'{0x00000000d5d64188}: 'java.lang.Object java.lang.invoke.DirectMethodHandle$Holder.invokeStatic(java.lang.Object, java.lang.Object, int, java.lang.Object)'> (0x00000000d5d64188) 
thrown [s\src\hotspot\share\interpreter\linkResolver.cpp, line 773]
Event: 7610.497 Thread 0x000001f9d7a39c90 Exception <a 'java/lang/NoSuchMethodError'{0x00000000d5d8dcf8}: 'java.lang.Object java.lang.invoke.DirectMethodHandle$Holder.newInvokeSpecial(java.lang.Object, java.lang.Object, int)'> (0x00000000d5d8dcf8) 
thrown [s\src\hotspot\share\interpreter\linkResolver.cpp, line 773]
Event: 7610.597 Thread 0x000001f9d7a39c90 Exception <a 'java/io/FileNotFoundException'{0x00000000d5c14a68}> (0x00000000d5c14a68) 
thrown [s\src\hotspot\share\prims\jni.cpp, line 520]
Event: 7610.597 Thread 0x000001f9d7a39c90 Exception <a 'java/io/FileNotFoundException'{0x00000000d5c15ae8}> (0x00000000d5c15ae8) 
thrown [s\src\hotspot\share\prims\jni.cpp, line 520]

ZGC Phase Switch (0 events):
No events

VM Operations (20 events):
Event: 7577.773 Executing VM operation: RendezvousGCThreads
Event: 7577.773 Executing VM operation: RendezvousGCThreads done
Event: 7610.037 Executing VM operation: Cleanup
Event: 7610.052 Executing VM operation: Cleanup done
Event: 7610.125 Executing VM operation: CollectForMetadataAllocation (Metadata GC Threshold)
Event: 7610.376 Executing VM operation: CollectForMetadataAllocation (Metadata GC Threshold) done
Event: 7610.471 Executing VM operation: HandshakeAllThreads (Deoptimize)
Event: 7610.471 Executing VM operation: HandshakeAllThreads (Deoptimize) done
Event: 7610.559 Executing VM operation: HandshakeAllThreads (Deoptimize)
Event: 7610.559 Executing VM operation: HandshakeAllThreads (Deoptimize) done
Event: 7610.580 Executing VM operation: ParallelGCFailedAllocation (Allocation Failure)
Event: 7610.582 Executing VM operation: ParallelGCFailedAllocation (Allocation Failure) done
Event: 7610.582 Executing VM operation: HandshakeAllThreads (Deoptimize)
Event: 7610.583 Executing VM operation: HandshakeAllThreads (Deoptimize) done
Event: 7610.625 Executing VM operation: ParallelGCFailedAllocation (Allocation Failure)
Event: 7610.627 Executing VM operation: ParallelGCFailedAllocation (Allocation Failure) done
Event: 7610.652 Executing VM operation: ParallelGCFailedAllocation (Allocation Failure)
Event: 7610.653 Executing VM operation: ParallelGCFailedAllocation (Allocation Failure) done
Event: 7610.710 Executing VM operation: HandshakeAllThreads (Deoptimize)
Event: 7610.711 Executing VM operation: HandshakeAllThreads (Deoptimize) done

Memory protections (0 events):
No events

Nmethod flushes (20 events):
Event: 7610.275 Thread 0x000001f9f72902b0 flushing  nmethod 0x000001f9808a4a10
Event: 7610.275 Thread 0x000001f9f72902b0 flushing  nmethod 0x000001f9808a5510
Event: 7610.275 Thread 0x000001f9f72902b0 flushing  nmethod 0x000001f9808a7f10
Event: 7610.275 Thread 0x000001f9f72902b0 flushing  nmethod 0x000001f9808a9510
Event: 7610.275 Thread 0x000001f9f72902b0 flushing  nmethod 0x000001f9808aa690
Event: 7610.275 Thread 0x000001f9f72902b0 flushing  nmethod 0x000001f9808d5490
Event: 7610.275 Thread 0x000001f9f72902b0 flushing osr nmethod 0x000001f98094ee90
Event: 7610.275 Thread 0x000001f9f72902b0 flushing  nmethod 0x000001f980957810
Event: 7610.275 Thread 0x000001f9f72902b0 flushing  nmethod 0x000001f98096a510
Event: 7610.275 Thread 0x000001f9f72902b0 flushing  nmethod 0x000001f98096da10
Event: 7610.275 Thread 0x000001f9f72902b0 flushing  nmethod 0x000001f98096e910
Event: 7610.275 Thread 0x000001f9f72902b0 flushing  nmethod 0x000001f980970010
Event: 7610.275 Thread 0x000001f9f72902b0 flushing  nmethod 0x000001f980983c10
Event: 7610.275 Thread 0x000001f9f72902b0 flushing  nmethod 0x000001f980984310
Event: 7610.275 Thread 0x000001f9f72902b0 flushing  nmethod 0x000001f980984910
Event: 7610.275 Thread 0x000001f9f72902b0 flushing  nmethod 0x000001f980985190
Event: 7610.275 Thread 0x000001f9f72902b0 flushing  nmethod 0x000001f980987890
Event: 7610.275 Thread 0x000001f9f72902b0 flushing  nmethod 0x000001f980992990
Event: 7610.275 Thread 0x000001f9f72902b0 flushing  nmethod 0x000001f9809a1910
Event: 7610.275 Thread 0x000001f9f72902b0 flushing  nmethod 0x000001f980a19590

Events (20 events):
Event: 52.975 Thread 0x000001f9d402c0d0 Thread exited: 0x000001f9d402c0d0
Event: 54.886 Thread 0x000001f9d7a34dd0 Thread exited: 0x000001f9d7a34dd0
Event: 59.286 Thread 0x000001f9f7319250 Thread added: 0x000001f9d402dc10
Event: 62.530 Thread 0x000001f9d402dc10 Thread exited: 0x000001f9d402dc10
Event: 63.302 Thread 0x000001f9f7319250 Thread added: 0x000001f9d402f750
Event: 63.423 Thread 0x000001f9d402f750 Thread exited: 0x000001f9d402f750
Event: 64.135 Thread 0x000001f9f72a5120 Thread added: 0x000001f9d402d540
Event: 69.255 Thread 0x000001f9d402d540 Thread exited: 0x000001f9d402d540
Event: 123.162 Thread 0x000001f9d7a33390 Thread exited: 0x000001f9d7a33390
Event: 123.246 Thread 0x000001f9d7a36ea0 Thread exited: 0x000001f9d7a36ea0
Event: 123.246 Thread 0x000001f9d5560ca0 Thread exited: 0x000001f9d5560ca0
Event: 123.253 Thread 0x000001f9d5560610 Thread exited: 0x000001f9d5560610
Event: 139.593 Thread 0x000001f9f7319250 Thread added: 0x000001f9d402d540
Event: 144.635 Thread 0x000001f9d402d540 Thread exited: 0x000001f9d402d540
Event: 199.604 Thread 0x000001f9d7a3a320 Thread exited: 0x000001f9d7a3a320
Event: 259.610 Thread 0x000001f9d7a32d00 Thread exited: 0x000001f9d7a32d00
Event: 319.615 Thread 0x000001f9d7a37bc0 Thread exited: 0x000001f9d7a37bc0
Event: 379.615 Thread 0x000001f9d7a340b0 Thread exited: 0x000001f9d7a340b0
Event: 7610.432 Thread 0x000001f9f7319250 Thread added: 0x000001f9d402f080
Event: 7610.492 Thread 0x000001f9d555f8f0 Thread added: 0x000001f9d78635c0


Dynamic libraries:
0x00007ff7ba280000 - 0x00007ff7ba28e000 	c:\Users\Dfrois\.antigravity\extensions\redhat.java-1.52.0-win32-x64\jre\21.0.9-win32-x86_64\bin\java.exe
0x00007ffb16ab0000 - 0x00007ffb16ca8000 	C:\Windows\SYSTEM32\ntdll.dll
0x00007ffb152a0000 - 0x00007ffb15362000 	C:\Windows\System32\KERNEL32.DLL
0x00007ffb14330000 - 0x00007ffb14626000 	C:\Windows\System32\KERNELBASE.dll
0x00007ffb14870000 - 0x00007ffb14970000 	C:\Windows\System32\ucrtbase.dll
0x00007ffaf6850000 - 0x00007ffaf6868000 	c:\Users\Dfrois\.antigravity\extensions\redhat.java-1.52.0-win32-x64\jre\21.0.9-win32-x86_64\bin\jli.dll
0x00007ffb15a30000 - 0x00007ffb15bd1000 	C:\Windows\System32\USER32.dll
0x00007ffb141d0000 - 0x00007ffb141f2000 	C:\Windows\System32\win32u.dll
0x00007ffb15f50000 - 0x00007ffb15f7b000 	C:\Windows\System32\GDI32.dll
0x00007ffb14720000 - 0x00007ffb14839000 	C:\Windows\System32\gdi32full.dll
0x00007ffb14680000 - 0x00007ffb1471d000 	C:\Windows\System32\msvcp_win.dll
0x00007ffafdac0000 - 0x00007ffafdade000 	c:\Users\Dfrois\.antigravity\extensions\redhat.java-1.52.0-win32-x64\jre\21.0.9-win32-x86_64\bin\VCRUNTIME140.dll
0x00007ffb0cbb0000 - 0x00007ffb0ce4b000 	C:\Windows\WinSxS\amd64_microsoft.windows.common-controls_6595b64144ccf1df_6.0.19041.6456_none_60b8a6cb71f64256\COMCTL32.dll
0x00007ffb15f80000 - 0x00007ffb1601e000 	C:\Windows\System32\msvcrt.dll
0x00007ffb15a00000 - 0x00007ffb15a2f000 	C:\Windows\System32\IMM32.DLL
0x00007ffb0e3b0000 - 0x00007ffb0e3bc000 	c:\Users\Dfrois\.antigravity\extensions\redhat.java-1.52.0-win32-x64\jre\21.0.9-win32-x86_64\bin\vcruntime140_1.dll
0x00007ffad81e0000 - 0x00007ffad826d000 	c:\Users\Dfrois\.antigravity\extensions\redhat.java-1.52.0-win32-x64\jre\21.0.9-win32-x86_64\bin\msvcp140.dll
0x00007ffab0640000 - 0x00007ffab13e0000 	c:\Users\Dfrois\.antigravity\extensions\redhat.java-1.52.0-win32-x64\jre\21.0.9-win32-x86_64\bin\server\jvm.dll
0x00007ffb16020000 - 0x00007ffb160d1000 	C:\Windows\System32\ADVAPI32.dll
0x00007ffb15890000 - 0x00007ffb1592f000 	C:\Windows\System32\sechost.dll
0x00007ffb15180000 - 0x00007ffb152a0000 	C:\Windows\System32\RPCRT4.dll
0x00007ffb14840000 - 0x00007ffb14867000 	C:\Windows\System32\bcrypt.dll
0x00007ffb14bc0000 - 0x00007ffb14c2b000 	C:\Windows\System32\WS2_32.dll
0x00007ffb13ef0000 - 0x00007ffb13f3b000 	C:\Windows\SYSTEM32\POWRPROF.dll
0x00007ffb11130000 - 0x00007ffb11157000 	C:\Windows\SYSTEM32\WINMM.dll
0x00007ffb0f2f0000 - 0x00007ffb0f2fa000 	C:\Windows\SYSTEM32\VERSION.dll
0x00007ffb13ed0000 - 0x00007ffb13ee2000 	C:\Windows\SYSTEM32\UMPDC.dll
0x00007ffb11fd0000 - 0x00007ffb11fe2000 	C:\Windows\SYSTEM32\kernel.appcore.dll
0x00007ffb08a30000 - 0x00007ffb08a3a000 	c:\Users\Dfrois\.antigravity\extensions\redhat.java-1.52.0-win32-x64\jre\21.0.9-win32-x86_64\bin\jimage.dll
0x00007ffb0b660000 - 0x00007ffb0b861000 	C:\Windows\SYSTEM32\DBGHELP.DLL
0x00007ffb0b520000 - 0x00007ffb0b554000 	C:\Windows\SYSTEM32\dbgcore.DLL
0x00007ffb14140000 - 0x00007ffb141c2000 	C:\Windows\System32\bcryptPrimitives.dll
0x00007ffb08690000 - 0x00007ffb0869f000 	c:\Users\Dfrois\.antigravity\extensions\redhat.java-1.52.0-win32-x64\jre\21.0.9-win32-x86_64\bin\instrument.dll
0x00007ffaf63f0000 - 0x00007ffaf6410000 	c:\Users\Dfrois\.antigravity\extensions\redhat.java-1.52.0-win32-x64\jre\21.0.9-win32-x86_64\bin\java.dll
0x00007ffb160e0000 - 0x00007ffb16850000 	C:\Windows\System32\SHELL32.dll
0x00007ffb121d0000 - 0x00007ffb12975000 	C:\Windows\SYSTEM32\windows.storage.dll
0x00007ffb15bf0000 - 0x00007ffb15f44000 	C:\Windows\System32\combase.dll
0x00007ffb13a90000 - 0x00007ffb13abb000 	C:\Windows\SYSTEM32\Wldp.dll
0x00007ffb15930000 - 0x00007ffb159fd000 	C:\Windows\System32\OLEAUT32.dll
0x00007ffb15490000 - 0x00007ffb1553d000 	C:\Windows\System32\SHCORE.dll
0x00007ffb14b60000 - 0x00007ffb14bbb000 	C:\Windows\System32\shlwapi.dll
0x00007ffb14070000 - 0x00007ffb14094000 	C:\Windows\SYSTEM32\profapi.dll
0x00007ffaf63d0000 - 0x00007ffaf63e8000 	c:\Users\Dfrois\.antigravity\extensions\redhat.java-1.52.0-win32-x64\jre\21.0.9-win32-x86_64\bin\zip.dll
0x00007ffb07e10000 - 0x00007ffb07e20000 	C:\Users\Dfrois\.antigravity\extensions\redhat.java-1.52.0-win32-x64\jre\21.0.9-win32-x86_64\bin\net.dll
0x00007ffb0ef10000 - 0x00007ffb0f01a000 	C:\Windows\SYSTEM32\WINHTTP.dll
0x00007ffb137f0000 - 0x00007ffb1385a000 	C:\Windows\system32\mswsock.dll
0x00007ffaf3a40000 - 0x00007ffaf3a56000 	C:\Users\Dfrois\.antigravity\extensions\redhat.java-1.52.0-win32-x64\jre\21.0.9-win32-x86_64\bin\nio.dll
0x00007ffb03750000 - 0x00007ffb03760000 	c:\Users\Dfrois\.antigravity\extensions\redhat.java-1.52.0-win32-x64\jre\21.0.9-win32-x86_64\bin\verify.dll
0x00007ffad7390000 - 0x00007ffad73d5000 	C:\Users\Dfrois\AppData\Roaming\Antigravity\User\globalStorage\redhat.java\1.52.0\config_win\org.eclipse.equinox.launcher\org.eclipse.equinox.launcher.win32.win32.x86_64_1.2.1500.v20260121-1430\eclipse_11919.dll
0x00007ffb16940000 - 0x00007ffb16a6b000 	C:\Windows\System32\ole32.dll
0x00007ffb139f0000 - 0x00007ffb13a08000 	C:\Windows\SYSTEM32\CRYPTSP.dll
0x00007ffb13110000 - 0x00007ffb13148000 	C:\Windows\system32\rsaenh.dll
0x00007ffb14030000 - 0x00007ffb1405e000 	C:\Windows\SYSTEM32\USERENV.dll
0x00007ffb139e0000 - 0x00007ffb139ec000 	C:\Windows\SYSTEM32\CRYPTBASE.dll
0x00007ffb134d0000 - 0x00007ffb1350b000 	C:\Windows\SYSTEM32\IPHLPAPI.DLL
0x00007ffb15be0000 - 0x00007ffb15be8000 	C:\Windows\System32\NSI.dll
0x00007ffaf6620000 - 0x00007ffaf6669000 	C:\Users\Dfrois\AppData\Local\Temp\jna-2044487625\jna18102416153821243127.dll
0x00007ffb14af0000 - 0x00007ffb14af8000 	C:\Windows\System32\PSAPI.DLL
0x00007ffb0dc60000 - 0x00007ffb0dc77000 	C:\Windows\SYSTEM32\dhcpcsvc6.DLL
0x00007ffb0df20000 - 0x00007ffb0df3d000 	C:\Windows\SYSTEM32\dhcpcsvc.DLL
0x00007ffb106e0000 - 0x00007ffb106ee000 	C:\Users\Dfrois\.antigravity\extensions\redhat.java-1.52.0-win32-x64\jre\21.0.9-win32-x86_64\bin\sunmscapi.dll
0x00007ffb14970000 - 0x00007ffb14acd000 	C:\Windows\System32\CRYPT32.dll
0x00007ffb13b00000 - 0x00007ffb13b27000 	C:\Windows\SYSTEM32\ncrypt.dll
0x00007ffb13ac0000 - 0x00007ffb13afb000 	C:\Windows\SYSTEM32\NTASN1.dll
0x00007ffb13510000 - 0x00007ffb135da000 	C:\Windows\SYSTEM32\DNSAPI.dll
0x00007ffb044c0000 - 0x00007ffb044ca000 	C:\Windows\System32\rasadhlp.dll
0x00007ffb0ad20000 - 0x00007ffb0ada0000 	C:\Windows\System32\fwpuclnt.dll
0x00007ffb086b0000 - 0x00007ffb086b9000 	C:\Users\Dfrois\.antigravity\extensions\redhat.java-1.52.0-win32-x64\jre\21.0.9-win32-x86_64\bin\extnet.dll

JVMTI agents:
c:\Users\Dfrois\.antigravity\extensions\redhat.java-1.52.0-win32-x64\lombok\lombok-1.18.39-4050.jar path:c:\Users\Dfrois\.antigravity\extensions\redhat.java-1.52.0-win32-x64\jre\21.0.9-win32-x86_64\bin\instrument.dll, loaded, initialized, instrumentlib options:none

dbghelp: loaded successfully - version: 4.0.5 - missing functions: none
symbol engine: initialized successfully - sym options: 0x614 - pdb path: .;c:\Users\Dfrois\.antigravity\extensions\redhat.java-1.52.0-win32-x64\jre\21.0.9-win32-x86_64\bin;C:\Windows\SYSTEM32;C:\Windows\WinSxS\amd64_microsoft.windows.common-controls_6595b64144ccf1df_6.0.19041.6456_none_60b8a6cb71f64256;c:\Users\Dfrois\.antigravity\extensions\redhat.java-1.52.0-win32-x64\jre\21.0.9-win32-x86_64\bin\server;C:\Users\Dfrois\AppData\Roaming\Antigravity\User\globalStorage\redhat.java\1.52.0\config_win\org.eclipse.equinox.launcher\org.eclipse.equinox.launcher.win32.win32.x86_64_1.2.1500.v20260121-1430;C:\Users\Dfrois\AppData\Local\Temp\jna-2044487625

VM Arguments:
jvm_args: --add-modules=ALL-SYSTEM --add-opens=java.base/java.util=ALL-UNNAMED --add-opens=java.base/java.lang=ALL-UNNAMED --add-opens=java.base/sun.nio.fs=ALL-UNNAMED -Declipse.application=org.eclipse.jdt.ls.core.id1 -Dosgi.bundles.defaultStartLevel=4 -Declipse.product=org.eclipse.jdt.ls.core.product -Djava.import.generatesMetadataFilesAtProjectRoot=false -DDetectVMInstallationsJob.disabled=true -Dfile.encoding=utf8 -XX:+UseParallelGC -XX:GCTimeRatio=4 -XX:AdaptiveSizePolicyWeight=90 -Dsun.zip.disableMemoryMapping=true -Xmx2G -Xms100m -Xlog:disable -javaagent:c:\Users\Dfrois\.antigravity\extensions\redhat.java-1.52.0-win32-x64\lombok\lombok-1.18.39-4050.jar -XX:+HeapDumpOnOutOfMemoryError -XX:HeapDumpPath=c:\Users\Dfrois\AppData\Roaming\Antigravity\User\workspaceStorage\71e2a312f3a39042b8faf596e0397a4d\redhat.java -Daether.dependencyCollector.impl=bf 
java_command: c:\Users\Dfrois\.antigravity\extensions\redhat.java-1.52.0-win32-x64\server\plugins\org.eclipse.equinox.launcher_1.7.100.v20251111-0406.jar -configuration c:\Users\Dfrois\AppData\Roaming\Antigravity\User\globalStorage\redhat.java\1.52.0\config_win -data c:\Users\Dfrois\AppData\Roaming\Antigravity\User\workspaceStorage\71e2a312f3a39042b8faf596e0397a4d\redhat.java\jdt_ws --pipe=\\.\pipe\lsp-8f4828e9dff1b0c8cd715d0b6713bdeb-sock
java_class_path (initial): c:\Users\Dfrois\.antigravity\extensions\redhat.java-1.52.0-win32-x64\server\plugins\org.eclipse.equinox.launcher_1.7.100.v20251111-0406.jar
Launcher Type: SUN_STANDARD

[Global flags]
    uintx AdaptiveSizePolicyWeight                 = 90                                        {product} {command line}
     intx CICompilerCount                          = 3                                         {product} {ergonomic}
    uintx GCTimeRatio                              = 4                                         {product} {command line}
     bool HeapDumpOnOutOfMemoryError               = true                                   {manageable} {command line}
    ccstr HeapDumpPath                             = c:\Users\Dfrois\AppData\Roaming\Antigravity\User\workspaceStorage\71e2a312f3a39042b8faf596e0397a4d\redhat.java         {manageable} {command line}
   size_t InitialHeapSize                          = 104857600                                 {product} {command line}
   size_t MaxHeapSize                              = 2147483648                                {product} {command line}
   size_t MaxNewSize                               = 715653120                                 {product} {ergonomic}
   size_t MinHeapDeltaBytes                        = 524288                                    {product} {ergonomic}
   size_t MinHeapSize                              = 104857600                                 {product} {command line}
   size_t NewSize                                  = 34603008                                  {product} {ergonomic}
    uintx NonNMethodCodeHeapSize                   = 5832780                                {pd product} {ergonomic}
    uintx NonProfiledCodeHeapSize                  = 122912730                              {pd product} {ergonomic}
   size_t OldSize                                  = 70254592                                  {product} {ergonomic}
     bool PerfDisableSharedMem                     = true                                      {product} {ergonomic}
    uintx ProfiledCodeHeapSize                     = 122912730                              {pd product} {ergonomic}
    uintx ReservedCodeCacheSize                    = 251658240                              {pd product} {ergonomic}
     bool SegmentedCodeCache                       = true                                      {product} {ergonomic}
   size_t SoftMaxHeapSize                          = 2147483648                             {manageable} {ergonomic}
     bool UseCompressedOops                        = true                           {product lp64_product} {ergonomic}
     bool UseLargePagesIndividualAllocation        = false                                  {pd product} {ergonomic}
     bool UseParallelGC                            = true                                      {product} {command line}

Logging:
Log output configuration:
 #0: stdout all=off uptime,level,tags foldmultilines=false
 #1: stderr all=off uptime,level,tags foldmultilines=false

Release file:
JAVA_VERSION="21.0.9" 
MODULES="java.base java.compiler java.datatransfer java.xml java.prefs java.desktop java.instrument java.logging java.management java.security.sasl java.naming java.rmi java.management.rmi java.net.http java.scripting java.security.jgss java.transaction.xa java.sql java.sql.rowset java.xml.crypto java.se java.smartcardio jdk.accessibility jdk.internal.jvmstat jdk.attach jdk.charsets jdk.internal.opt jdk.zipfs jdk.compiler jdk.crypto.ec jdk.crypto.cryptoki jdk.crypto.mscapi jdk.dynalink jdk.internal.ed jdk.editpad jdk.hotspot.agent jdk.httpserver jdk.internal.le jdk.internal.vm.ci jdk.internal.vm.compiler jdk.internal.vm.compiler.management jdk.jartool jdk.javadoc jdk.jcmd jdk.management jdk.management.agent jdk.jconsole jdk.jdeps jdk.jdwp.agent jdk.jdi jdk.jfr jdk.jshell jdk.jsobject jdk.jstatd jdk.localedata jdk.management.jfr jdk.naming.dns jdk.naming.rmi jdk.net jdk.nio.mapmode jdk.random jdk.sctp jdk.security.auth jdk.security.jgss jdk.unsupported jdk.unsupported.desktop jdk.xml.dom" 

Environment Variables:
PATH=C:\Program Files (x86)\Common Files\Oracle\Java\java8path;C:\Program Files (x86)\Common Files\Oracle\Java\javapath;C:\Python313\Scripts\;C:\Python313\;C:\Windows\system32;C:\Windows;C:\Windows\System32\Wbem;C:\Windows\System32\WindowsPowerShell\v1.0\;C:\Windows\System32\OpenSSH\;C:\Program Files\nodejs\;C:\ProgramData\chocolatey\bin;C:\php;C:\Program Files\Git\cmd;C:\Users\Dfrois\AppData\Local\Microsoft\WindowsApps;C:\Users\Dfrois\AppData\Local\Programs\cursor\resources\app\bin;C:\Users\Dfrois\AppData\Roaming\npm;C:\Users\Dfrois\AppData\Local\Programs\Microsoft VS Code\bin;C:\Users\Dfrois\AppData\Local\GitHubDesktop\bin;C:\Users\Dfrois\AppData\Local\Programs\Antigravity\bin
USERNAME=Dfrois
OS=Windows_NT
PROCESSOR_IDENTIFIER=Intel64 Family 6 Model 158 Stepping 10, GenuineIntel
TMP=C:\Users\Dfrois\AppData\Local\Temp
TEMP=C:\Users\Dfrois\AppData\Local\Temp




Periodic native trim disabled

---------------  S Y S T E M  ---------------

OS:
 Windows 10 , 64 bit Build 19041 (10.0.19041.5915)
OS uptime: 25 days 2:27 hours

CPU: total 6 (initial active 6) (6 cores per cpu, 1 threads per core) family 6 model 158 stepping 10 microcode 0xd6, cx8, cmov, fxsr, mmx, 3dnowpref, sse, sse2, sse3, ssse3, sse4.1, sse4.2, popcnt, lzcnt, tsc, tscinvbit, avx, avx2, aes, erms, clmul, bmi1, bmi2, adx, fma, vzeroupper, clflush, clflushopt, rdtscp, f16c
Processor Information for the first 6 processors :
  Max Mhz: 1704, Current Mhz: 1704, Mhz Limit: 1704

Memory: 4k page, system-wide physical 16229M (5824M free)
TotalPageFile size 18661M (AvailPageFile size 4684M)
current process WorkingSet (physical memory assigned to process): 268M, peak: 280M
current process commit charge ("private bytes"): 360M, peak: 360M

vm_info: OpenJDK 64-Bit Server VM (21.0.9+10-LTS) for windows-amd64 JRE (21.0.9+10-LTS), built on 2025-10-21T00:00:00Z by "admin" with unknown MS VC++:1942

END.
